{"level":"error","message":"[TCP] Error de conexión: connect ECONNREFUSED 192.168.1.41:502","timestamp":"2026-05-03 01:51:19.399"}
{"level":"error","message":"[API] Error en connect: connect ECONNREFUSED 192.168.1.41:502","timestamp":"2026-05-03 01:51:19.403"}
{"level":"error","message":"[TCP] Error de conexión: connect ETIMEDOUT 192.168.1.100:502","timestamp":"2026-05-03 01:53:17.765"}
{"level":"error","message":"[API] Error en connect: connect ETIMEDOUT 192.168.1.100:502","timestamp":"2026-05-03 01:53:17.797"}
{"level":"error","message":"Error leyendo bloque monitor: Port Not Open","timestamp":"2026-05-03 04:21:19.377"}
{"level":"error","message":"Error leyendo bloque monitor: Port Not Open","timestamp":"2026-05-03 04:21:21.150"}
{"level":"error","message":"Error leyendo bloque monitor: Port Not Open","timestamp":"2026-05-03 04:21:22.397"}
{"level":"error","message":"Error leyendo bloque monitor: Port Not Open","timestamp":"2026-05-03 04:21:23.631"}
{"level":"error","message":"Error leyendo bloque monitor: Port Not Open","timestamp":"2026-05-03 04:21:24.874"}
{"level":"error","message":"Error leyendo bloque monitor: Port Not Open","timestamp":"2026-05-03 04:21:26.107"}
{"level":"error","message":"Error leyendo bloque monitor: Port Not Open","timestamp":"2026-05-03 04:21:27.332"}
{"level":"error","message":"Error leyendo bloque monitor: Port Not Open","timestamp":"2026-05-03 04:21:28.565"}
{"level":"error","message":"Error leyendo bloque monitor: Port Not Open","timestamp":"2026-05-03 04:21:29.804"}
{"level":"error","message":"Error leyendo bloque monitor: Port Not Open","timestamp":"2026-05-03 04:21:31.044"}
{"level":"error","message":"Error leyendo bloque monitor: Port Not Open","timestamp":"2026-05-03 04:21:32.301"}
{"level":"error","message":"Error leyendo bloque monitor: Port Not Open","timestamp":"2026-05-03 04:21:33.525"}
{"level":"error","message":"Error leyendo bloque monitor: Port Not Open","timestamp":"2026-05-03 04:21:34.770"}
{"level":"error","message":"Error leyendo bloque monitor: Port Not Open","timestamp":"2026-05-03 04:21:36.004"}
{"level":"error","message":"Error leyendo bloque monitor: Port Not Open","timestamp":"2026-05-03 04:21:37.242"}
{"level":"error","message":"Error leyendo bloque monitor: Port Not Open","timestamp":"2026-05-03 04:21:38.479"}
{"level":"error","message":"Error leyendo bloque monitor: Port Not Open","timestamp":"2026-05-03 04:21:39.709"}
{"level":"error","message":"Error leyendo bloque monitor: Port Not Open","timestamp":"2026-05-03 04:21:40.944"}
{"level":"error","message":"Error leyendo bloque monitor: Port Not Open","timestamp":"2026-05-03 04:21:42.189"}
{"level":"error","message":"Error leyendo bloque monitor: Port Not Open","timestamp":"2026-05-03 04:21:43.422"}
{"level":"error","message":"Error leyendo bloque monitor: Port Not Open","timestamp":"2026-05-03 04:21:44.666"}
{"level":"error","message":"Error leyendo bloque monitor: Port Not Open","timestamp":"2026-05-03 04:21:45.920"}
{"level":"error","message":"Error leyendo bloque monitor: Port Not Open","timestamp":"2026-05-03 04:21:47.135"}
{"level":"error","message":"Error leyendo bloque monitor: Port Not Open","timestamp":"2026-05-03 04:21:48.369"}
{"level":"error","message":"Error leyendo bloque monitor: Port Not Open","timestamp":"2026-05-03 04:21:49.613"}
{"level":"error","message":"Error leyendo bloque monitor: Port Not Open","timestamp":"2026-05-03 04:21:50.832"}
{"level":"error","message":"Error leyendo bloque monitor: Port Not Open","timestamp":"2026-05-03 04:21:52.062"}
{"level":"error","message":"Error leyendo bloque monitor: Port Not Open","timestamp":"2026-05-03 04:21:53.300"}
{"level":"error","message":"Error leyendo bloque monitor: Port Not Open","timestamp":"2026-05-03 04:21:54.521"}
{"level":"error","message":"Error leyendo bloque monitor: Port Not Open","timestamp":"2026-05-03 04:21:55.127"}
{"level":"error","message":"Error leyendo bloque monitor: Port Not Open","timestamp":"2026-05-03 04:21:55.616"}
{"level":"error","message":"Error leyendo bloque monitor: Port Not Open","timestamp":"2026-05-03 04:21:55.733"}
{"level":"error","message":"Error leyendo bloque monitor: Port Not Open","timestamp":"2026-05-03 04:21:56.634"}
{"level":"error","message":"Error leyendo bloque monitor: Port Not Open","timestamp":"2026-05-03 04:21:56.954"}
{"level":"error","message":"Error leyendo bloque monitor: Port Not Open","timestamp":"2026-05-03 04:21:57.630"}
{"level":"error","message":"Error leyendo bloque monitor: Port Not Open","timestamp":"2026-05-03 04:21:58.104"}
{"level":"error","message":"Error leyendo bloque monitor: Port Not Open","timestamp":"2026-05-03 04:21:58.182"}
{"level":"error","message":"Error leyendo bloque monitor: Port Not Open","timestamp":"2026-05-03 04:21:59.132"}
{"level":"error","message":"Error leyendo bloque monitor: Port Not Open","timestamp":"2026-05-03 04:21:59.408"}
{"level":"error","message":"Error leyendo bloque monitor: Port Not Open","timestamp":"2026-05-03 04:22:00.131"}
{"level":"error","message":"Error leyendo bloque monitor: Port Not Open","timestamp":"2026-05-03 04:22:00.620"}
{"level":"error","message":"Error leyendo bloque monitor: Port Not Open","timestamp":"2026-05-03 04:22:00.636"}
{"level":"error","message":"Error leyendo bloque monitor: Port Not Open","timestamp":"2026-05-03 04:22:01.632"}
{"level":"error","message":"Error leyendo bloque monitor: Port Not Open","timestamp":"2026-05-03 04:22:01.861"}
{"level":"error","message":"Error leyendo bloque monitor: Port Not Open","timestamp":"2026-05-03 04:22:02.625"}
{"level":"error","message":"Error leyendo bloque monitor: Port Not Open","timestamp":"2026-05-03 04:22:03.115"}
{"level":"error","message":"Error leyendo bloque monitor: Port Not Open","timestamp":"2026-05-03 04:22:03.651"}
{"level":"error","message":"Error leyendo bloque monitor: Port Not Open","timestamp":"2026-05-03 04:22:04.132"}
{"level":"error","message":"Error leyendo bloque monitor: Port Not Open","timestamp":"2026-05-03 04:22:04.336"}
{"level":"error","message":"Error leyendo bloque monitor: Port Not Open","timestamp":"2026-05-03 04:22:05.126"}
{"level":"error","message":"Error leyendo bloque monitor: Port Not Open","timestamp":"2026-05-03 04:22:05.578"}
{"level":"error","message":"Error leyendo bloque monitor: Port Not Open","timestamp":"2026-05-03 04:22:06.133"}
{"level":"error","message":"Error leyendo bloque monitor: Port Not Open","timestamp":"2026-05-03 04:22:06.641"}
{"level":"error","message":"Error leyendo bloque monitor: Port Not Open","timestamp":"2026-05-03 04:22:06.811"}
{"level":"error","message":"Error leyendo bloque monitor: Port Not Open","timestamp":"2026-05-03 04:22:07.626"}
{"level":"error","message":"Error leyendo bloque monitor: Port Not Open","timestamp":"2026-05-03 04:22:08.044"}
{"level":"error","message":"Error leyendo bloque monitor: Port Not Open","timestamp":"2026-05-03 04:22:08.620"}
{"level":"error","message":"Error leyendo bloque monitor: Port Not Open","timestamp":"2026-05-03 04:22:09.116"}
{"level":"error","message":"Error leyendo bloque monitor: Port Not Open","timestamp":"2026-05-03 04:22:09.288"}
{"level":"error","message":"Error leyendo bloque monitor: Port Not Open","timestamp":"2026-05-03 04:22:10.125"}
{"level":"error","message":"Error leyendo bloque monitor: Port Not Open","timestamp":"2026-05-03 04:22:10.535"}
{"level":"error","message":"Error leyendo bloque monitor: Port Not Open","timestamp":"2026-05-03 04:22:11.128"}
{"level":"error","message":"Error leyendo bloque monitor: Port Not Open","timestamp":"2026-05-03 04:22:11.657"}
{"level":"error","message":"Error leyendo bloque monitor: Port Not Open","timestamp":"2026-05-03 04:22:11.772"}
{"level":"error","message":"Error leyendo bloque monitor: Port Not Open","timestamp":"2026-05-03 04:22:12.653"}
{"level":"error","message":"Error leyendo bloque monitor: Port Not Open","timestamp":"2026-05-03 04:22:13.020"}
{"level":"error","message":"Error leyendo bloque monitor: Port Not Open","timestamp":"2026-05-03 04:22:13.628"}
{"level":"error","message":"Error leyendo bloque monitor: Port Not Open","timestamp":"2026-05-03 04:22:14.122"}
{"level":"error","message":"Error leyendo bloque monitor: Port Not Open","timestamp":"2026-05-03 04:22:14.259"}
{"level":"error","message":"Error leyendo bloque monitor: Port Not Open","timestamp":"2026-05-03 04:22:15.114"}
{"level":"error","message":"Error leyendo bloque monitor: Port Not Open","timestamp":"2026-05-03 04:22:15.504"}
{"level":"error","message":"Error leyendo bloque monitor: Port Not Open","timestamp":"2026-05-03 04:22:16.121"}
{"level":"error","message":"Error leyendo bloque monitor: Port Not Open","timestamp":"2026-05-03 04:22:16.635"}
{"level":"error","message":"Error leyendo bloque monitor: Port Not Open","timestamp":"2026-05-03 04:22:16.728"}
{"level":"error","message":"Error leyendo bloque monitor: Port Not Open","timestamp":"2026-05-03 04:22:17.617"}
{"level":"error","message":"Error leyendo bloque monitor: Port Not Open","timestamp":"2026-05-03 04:22:17.964"}
{"level":"error","message":"Error leyendo bloque monitor: Port Not Open","timestamp":"2026-05-03 04:22:18.639"}
{"level":"error","message":"Error leyendo bloque monitor: Port Not Open","timestamp":"2026-05-03 04:22:19.151"}
{"level":"error","message":"Error leyendo bloque monitor: Port Not Open","timestamp":"2026-05-03 04:22:19.198"}
{"level":"error","message":"Error leyendo bloque monitor: Port Not Open","timestamp":"2026-05-03 04:22:20.131"}
{"level":"error","message":"Error leyendo bloque monitor: Port Not Open","timestamp":"2026-05-03 04:22:20.416"}
{"level":"error","message":"Error leyendo bloque monitor: Port Not Open","timestamp":"2026-05-03 04:22:21.160"}
{"level":"error","message":"Error leyendo bloque monitor: Port Not Open","timestamp":"2026-05-03 04:22:21.626"}
{"level":"error","message":"Error leyendo bloque monitor: Port Not Open","timestamp":"2026-05-03 04:22:21.659"}
{"level":"error","message":"Error leyendo bloque monitor: Port Not Open","timestamp":"2026-05-03 04:22:22.677"}
{"level":"error","message":"Error leyendo bloque monitor: Port Not Open","timestamp":"2026-05-03 04:22:22.879"}
{"level":"error","message":"Error leyendo bloque monitor: Port Not Open","timestamp":"2026-05-03 04:22:23.615"}
{"level":"error","message":"Error leyendo bloque monitor: Port Not Open","timestamp":"2026-05-03 04:22:24.128"}
{"level":"error","message":"Error leyendo bloque monitor: Port Not Open","timestamp":"2026-05-03 04:22:24.645"}
{"level":"error","message":"Error leyendo bloque monitor: Port Not Open","timestamp":"2026-05-03 04:22:25.128"}
{"level":"error","message":"Error leyendo bloque monitor: Port Not Open","timestamp":"2026-05-03 04:22:25.363"}
{"level":"error","message":"Error leyendo bloque monitor: Port Not Open","timestamp":"2026-05-03 04:22:26.133"}
{"level":"error","message":"Error leyendo bloque monitor: Port Not Open","timestamp":"2026-05-03 04:22:26.595"}
{"level":"error","message":"Error leyendo bloque monitor: Port Not Open","timestamp":"2026-05-03 04:22:27.170"}
{"level":"error","message":"Error leyendo bloque monitor: Port Not Open","timestamp":"2026-05-03 04:22:27.619"}
{"level":"error","message":"Error leyendo bloque monitor: Port Not Open","timestamp":"2026-05-03 04:22:27.828"}
{"level":"error","message":"Error leyendo bloque monitor: Port Not Open","timestamp":"2026-05-03 04:22:28.644"}
{"level":"error","message":"Error leyendo bloque monitor: Port Not Open","timestamp":"2026-05-03 04:22:29.061"}
{"level":"error","message":"Error leyendo bloque monitor: Port Not Open","timestamp":"2026-05-03 04:22:29.647"}
{"level":"error","message":"Error leyendo bloque monitor: Port Not Open","timestamp":"2026-05-03 04:22:30.129"}
{"level":"error","message":"Error leyendo bloque monitor: Port Not Open","timestamp":"2026-05-03 04:22:30.313"}
{"level":"error","message":"Error leyendo bloque monitor: Port Not Open","timestamp":"2026-05-03 04:22:31.129"}
{"level":"error","message":"Error leyendo bloque monitor: Port Not Open","timestamp":"2026-05-03 04:22:31.546"}
{"level":"error","message":"Error leyendo bloque monitor: Port Not Open","timestamp":"2026-05-03 04:22:32.163"}
{"level":"error","message":"Error leyendo bloque monitor: Port Not Open","timestamp":"2026-05-03 04:22:32.731"}
{"level":"error","message":"Error leyendo bloque monitor: Port Not Open","timestamp":"2026-05-03 04:22:32.779"}
{"level":"error","message":"Error leyendo bloque monitor: Port Not Open","timestamp":"2026-05-03 04:22:33.715"}
{"level":"error","message":"Error leyendo bloque monitor: Port Not Open","timestamp":"2026-05-03 04:22:34.012"}
{"level":"error","message":"Error leyendo bloque monitor: Port Not Open","timestamp":"2026-05-03 04:22:34.652"}
{"level":"error","message":"Error leyendo bloque monitor: Port Not Open","timestamp":"2026-05-03 04:22:35.130"}
{"level":"error","message":"Error leyendo bloque monitor: Port Not Open","timestamp":"2026-05-03 04:22:35.235"}
{"level":"error","message":"Error leyendo bloque monitor: Port Not Open","timestamp":"2026-05-03 04:22:36.144"}
{"level":"error","message":"Error leyendo bloque monitor: Port Not Open","timestamp":"2026-05-03 04:22:36.478"}
{"level":"error","message":"Error leyendo bloque monitor: Port Not Open","timestamp":"2026-05-03 04:22:37.180"}
{"level":"error","message":"Error leyendo bloque monitor: Port Not Open","timestamp":"2026-05-03 04:22:37.630"}
{"level":"error","message":"Error leyendo bloque monitor: Port Not Open","timestamp":"2026-05-03 04:22:37.715"}
{"level":"error","message":"Error leyendo bloque monitor: Port Not Open","timestamp":"2026-05-03 04:22:38.645"}
{"level":"error","message":"Error leyendo bloque monitor: Port Not Open","timestamp":"2026-05-03 04:22:38.949"}
{"level":"error","message":"Error leyendo bloque monitor: Port Not Open","timestamp":"2026-05-03 04:22:39.645"}
{"level":"error","message":"Error leyendo bloque monitor: Port Not Open","timestamp":"2026-05-03 04:22:40.147"}
{"level":"error","message":"Error leyendo bloque monitor: Port Not Open","timestamp":"2026-05-03 04:22:40.179"}
{"level":"error","message":"Error leyendo bloque monitor: Port Not Open","timestamp":"2026-05-03 04:22:41.161"}
{"level":"error","message":"Error leyendo bloque monitor: Port Not Open","timestamp":"2026-05-03 04:22:41.420"}
{"level":"error","message":"Error leyendo bloque monitor: Port Not Open","timestamp":"2026-05-03 04:22:42.145"}
{"level":"error","message":"Error leyendo bloque monitor: Port Not Open","timestamp":"2026-05-03 04:22:42.679"}
{"level":"error","message":"Error leyendo bloque monitor: Port Not Open","timestamp":"2026-05-03 04:22:43.711"}
{"level":"error","message":"Error leyendo bloque monitor: Port Not Open","timestamp":"2026-05-03 04:22:43.930"}
{"level":"error","message":"Error leyendo bloque monitor: Port Not Open","timestamp":"2026-05-03 04:22:45.168"}
{"level":"error","message":"Error leyendo bloque monitor: Port Not Open","timestamp":"2026-05-03 04:22:46.414"}
{"level":"error","message":"Error leyendo bloque monitor: Port Not Open","timestamp":"2026-05-03 04:22:47.662"}
{"level":"error","message":"Error leyendo bloque monitor: Port Not Open","timestamp":"2026-05-03 04:22:48.680"}
{"level":"error","message":"Error leyendo bloque monitor: Port Not Open","timestamp":"2026-05-03 04:22:48.884"}
{"level":"error","message":"Error leyendo bloque monitor: Port Not Open","timestamp":"2026-05-03 04:22:50.113"}
{"level":"error","message":"Error leyendo bloque monitor: Port Not Open","timestamp":"2026-05-03 04:22:51.361"}
{"level":"error","message":"Error leyendo bloque monitor: Port Not Open","timestamp":"2026-05-03 04:22:52.595"}
{"level":"error","message":"Error leyendo bloque monitor: Port Not Open","timestamp":"2026-05-03 04:22:53.698"}
{"level":"error","message":"Error leyendo bloque monitor: Port Not Open","timestamp":"2026-05-03 04:22:53.845"}
{"level":"error","message":"Error leyendo bloque monitor: Port Not Open","timestamp":"2026-05-03 04:22:55.094"}
{"level":"error","message":"Error leyendo bloque monitor: Port Not Open","timestamp":"2026-05-03 04:22:56.328"}
{"level":"error","message":"Error leyendo bloque monitor: Port Not Open","timestamp":"2026-05-03 04:22:57.561"}
{"level":"error","message":"Error leyendo bloque monitor: Port Not Open","timestamp":"2026-05-03 04:22:58.696"}
{"level":"error","message":"Error leyendo bloque monitor: Port Not Open","timestamp":"2026-05-03 04:22:58.796"}
{"level":"error","message":"Error leyendo bloque monitor: Port Not Open","timestamp":"2026-05-03 04:23:00.044"}
{"level":"error","message":"Error leyendo bloque monitor: Port Not Open","timestamp":"2026-05-03 04:23:01.280"}
{"level":"error","message":"Error leyendo bloque monitor: Port Not Open","timestamp":"2026-05-03 04:23:02.510"}
{"level":"error","message":"Error leyendo bloque monitor: Port Not Open","timestamp":"2026-05-03 04:23:03.716"}
{"level":"error","message":"Error leyendo bloque monitor: Port Not Open","timestamp":"2026-05-03 04:23:03.741"}
{"level":"error","message":"Error leyendo bloque monitor: Port Not Open","timestamp":"2026-05-03 04:23:04.978"}
{"level":"error","message":"Error leyendo bloque monitor: Port Not Open","timestamp":"2026-05-03 04:23:06.212"}
{"level":"error","message":"Error leyendo bloque monitor: Port Not Open","timestamp":"2026-05-03 04:23:07.460"}
{"level":"error","message":"Error leyendo bloque monitor: Port Not Open","timestamp":"2026-05-03 04:23:08.697"}
{"level":"error","message":"Error leyendo bloque monitor: Port Not Open","timestamp":"2026-05-03 04:23:09.700"}
{"level":"error","message":"Error leyendo bloque monitor: Port Not Open","timestamp":"2026-05-03 04:23:09.945"}
{"level":"error","message":"Error leyendo bloque monitor: Port Not Open","timestamp":"2026-05-03 04:23:11.194"}
{"level":"error","message":"Error leyendo bloque monitor: Port Not Open","timestamp":"2026-05-03 04:23:12.445"}
{"level":"error","message":"Error leyendo bloque monitor: Port Not Open","timestamp":"2026-05-03 04:23:13.695"}
{"level":"error","message":"Error leyendo bloque monitor: Port Not Open","timestamp":"2026-05-03 04:23:14.708"}
{"level":"error","message":"Error leyendo bloque monitor: Port Not Open","timestamp":"2026-05-03 04:23:14.915"}
{"level":"error","message":"Error leyendo bloque monitor: Port Not Open","timestamp":"2026-05-03 04:23:16.161"}
{"level":"error","message":"Error leyendo bloque monitor: Port Not Open","timestamp":"2026-05-03 04:23:17.410"}
{"level":"error","message":"Error leyendo bloque monitor: Port Not Open","timestamp":"2026-05-03 04:23:18.661"}
{"level":"error","message":"Error leyendo bloque monitor: Port Not Open","timestamp":"2026-05-03 04:23:19.681"}
{"level":"error","message":"Error leyendo bloque monitor: Port Not Open","timestamp":"2026-05-03 04:23:19.894"}
{"level":"error","message":"Error leyendo bloque monitor: Port Not Open","timestamp":"2026-05-03 04:23:21.131"}
{"level":"error","message":"Error leyendo bloque monitor: Port Not Open","timestamp":"2026-05-03 04:23:22.364"}
{"level":"error","message":"Error leyendo bloque monitor: Port Not Open","timestamp":"2026-05-03 04:23:23.617"}
{"level":"error","message":"Error leyendo bloque monitor: Port Not Open","timestamp":"2026-05-03 04:23:24.711"}
{"level":"error","message":"Error leyendo bloque monitor: Port Not Open","timestamp":"2026-05-03 04:23:24.843"}
{"level":"error","message":"Error leyendo bloque monitor: Port Not Open","timestamp":"2026-05-03 04:23:26.082"}
{"level":"error","message":"Error leyendo bloque monitor: Port Not Open","timestamp":"2026-05-03 04:23:27.345"}
{"level":"error","message":"Error leyendo bloque monitor: Port Not Open","timestamp":"2026-05-03 04:23:28.596"}
{"level":"error","message":"Error leyendo bloque monitor: Port Not Open","timestamp":"2026-05-03 04:23:29.694"}
{"level":"error","message":"Error leyendo bloque monitor: Port Not Open","timestamp":"2026-05-03 04:23:29.863"}
{"level":"error","message":"Error leyendo bloque monitor: Port Not Open","timestamp":"2026-05-03 04:23:31.099"}
{"level":"error","message":"Error leyendo bloque monitor: Port Not Open","timestamp":"2026-05-03 04:23:32.344"}
{"level":"error","message":"Error leyendo bloque monitor: Port Not Open","timestamp":"2026-05-03 04:23:33.602"}
{"level":"error","message":"Error leyendo bloque monitor: Port Not Open","timestamp":"2026-05-03 04:23:34.695"}
{"level":"error","message":"Error leyendo bloque monitor: Port Not Open","timestamp":"2026-05-03 04:23:34.846"}
{"level":"error","message":"Error leyendo bloque monitor: Port Not Open","timestamp":"2026-05-03 04:23:36.084"}
{"level":"error","message":"Error leyendo bloque monitor: Port Not Open","timestamp":"2026-05-03 04:23:37.312"}
{"level":"error","message":"Error leyendo bloque monitor: Port Not Open","timestamp":"2026-05-03 04:23:38.544"}
{"level":"error","message":"Error leyendo bloque monitor: Port Not Open","timestamp":"2026-05-03 04:23:39.695"}
{"level":"error","message":"Error leyendo bloque monitor: Port Not Open","timestamp":"2026-05-03 04:23:39.763"}
{"level":"error","message":"Error leyendo bloque monitor: Port Not Open","timestamp":"2026-05-03 04:23:40.995"}
{"level":"error","message":"Error leyendo bloque monitor: Port Not Open","timestamp":"2026-05-03 04:23:42.231"}
{"level":"error","message":"Error leyendo bloque monitor: Port Not Open","timestamp":"2026-05-03 04:24:24.688"}
{"level":"error","message":"Error leyendo bloque monitor: Port Not Open","timestamp":"2026-05-03 04:24:30.053"}
{"level":"error","message":"Error leyendo bloque monitor: Port Not Open","timestamp":"2026-05-03 04:24:31.277"}
{"level":"error","message":"Error leyendo bloque monitor: Port Not Open","timestamp":"2026-05-03 04:24:32.513"}
{"level":"error","message":"Error leyendo bloque monitor: Port Not Open","timestamp":"2026-05-03 04:24:33.751"}
{"level":"error","message":"Error leyendo bloque monitor: Port Not Open","timestamp":"2026-05-03 04:24:35.002"}
{"level":"error","message":"Error leyendo bloque monitor: Port Not Open","timestamp":"2026-05-03 04:24:36.236"}
{"level":"error","message":"Error leyendo bloque monitor: Port Not Open","timestamp":"2026-05-03 04:24:37.455"}
{"level":"error","message":"Error leyendo bloque monitor: Port Not Open","timestamp":"2026-05-03 04:24:38.687"}
{"level":"error","message":"Error leyendo bloque monitor: Port Not Open","timestamp":"2026-05-03 04:24:39.920"}
{"level":"error","message":"Error leyendo bloque monitor: Port Not Open","timestamp":"2026-05-03 04:24:41.167"}
{"level":"error","message":"Error leyendo bloque monitor: Port Not Open","timestamp":"2026-05-03 04:24:42.402"}
{"level":"error","message":"Error leyendo bloque monitor: Port Not Open","timestamp":"2026-05-03 04:24:43.635"}
{"level":"error","message":"Error leyendo bloque monitor: Port Not Open","timestamp":"2026-05-03 04:24:44.884"}
{"level":"error","message":"Error leyendo bloque monitor: Port Not Open","timestamp":"2026-05-03 04:24:46.118"}
{"level":"error","message":"Error leyendo bloque monitor: Port Not Open","timestamp":"2026-05-03 04:24:47.339"}
{"level":"error","message":"Error leyendo bloque monitor: Port Not Open","timestamp":"2026-05-03 04:24:48.575"}
{"level":"error","message":"Error leyendo bloque monitor: Port Not Open","timestamp":"2026-05-03 04:24:49.819"}
{"level":"error","message":"Error leyendo bloque monitor: Port Not Open","timestamp":"2026-05-03 04:24:51.052"}
{"level":"error","message":"Error leyendo bloque monitor: Port Not Open","timestamp":"2026-05-03 04:24:52.284"}
{"level":"error","message":"Error leyendo bloque monitor: Port Not Open","timestamp":"2026-05-03 04:24:53.507"}
{"level":"error","message":"Error leyendo bloque monitor: Port Not Open","timestamp":"2026-05-03 04:24:54.730"}
{"level":"error","message":"Error leyendo bloque monitor: Port Not Open","timestamp":"2026-05-03 04:24:55.971"}
{"level":"error","message":"Error leyendo bloque monitor: Port Not Open","timestamp":"2026-05-03 04:24:57.202"}
{"level":"error","message":"Error leyendo bloque monitor: Port Not Open","timestamp":"2026-05-03 04:24:58.452"}
{"level":"error","message":"Error leyendo bloque monitor: Port Not Open","timestamp":"2026-05-03 04:24:59.703"}
{"level":"error","message":"Error leyendo bloque monitor: Port Not Open","timestamp":"2026-05-03 04:25:00.996"}
{"level":"error","message":"Error leyendo bloque monitor: Port Not Open","timestamp":"2026-05-03 04:25:02.365"}
{"level":"error","message":"Error leyendo bloque monitor: Port Not Open","timestamp":"2026-05-03 04:25:03.620"}
{"level":"error","message":"Error leyendo bloque monitor: Port Not Open","timestamp":"2026-05-03 04:25:04.862"}
{"level":"error","message":"Error leyendo bloque monitor: Port Not Open","timestamp":"2026-05-03 04:25:06.090"}
{"level":"error","message":"Error leyendo bloque monitor: Port Not Open","timestamp":"2026-05-03 04:25:07.368"}
